Started on Apr 7, 2016 4:26:22 PM
Polling SCM changes on master
Using strategy: Default
[poll] Last Built Revision: Revision 118e78ce4be857401e820854d9938ec61007347e (origin/federatedLogInStuff)
 > git rev-parse --is-inside-work-tree # timeout=10
Fetching changes from the remote Git repositories
 > git config remote.origin.url https://github.com/ORCID/ORCID-Source.git # timeout=10
Fetching upstream changes from https://github.com/ORCID/ORCID-Source.git
 > git --version # timeout=10
 > git -c core.askpass=true fetch --tags --progress https://github.com/ORCID/ORCID-Source.git +refs/heads/*:refs/remotes/origin/*
Polling for changes in
Seen branch in repository origin/AccountSettingsNotificationsNewAligment
Seen branch in repository origin/AccountSettingsNotificationsTextChanges
Seen branch in repository origin/AccountSettingsNotificationsTextFix
Seen branch in repository origin/AddActivityDontChangeSourceOnExisting
Seen branch in repository origin/AddBlackBoxTest
Seen branch in repository origin/AddCacheToElements
Seen branch in repository origin/AddCachingToFunding
Seen branch in repository origin/AddCaptchaFieldToProfile
Seen branch in repository origin/AddITToLocale
Seen branch in repository origin/AddIdsToTheLockAndUnlockDivs
Seen branch in repository origin/AddInJA
Seen branch in repository origin/AddLocaleToWidgetInfo
Seen branch in repository origin/AddMemberInfoToInternalAPI
Seen branch in repository origin/AddMissingKeyToBeTranslatedInIT
Seen branch in repository origin/AddMissingKeys
Seen branch in repository origin/AddOrcidIndexOnBioSections
Seen branch in repository origin/AddPeerReviewBlackboxTestForPublicPage
Seen branch in repository origin/AddReadLimitedScopeToClientsThatDontHaveIt
Seen branch in repository origin/AddSaveButtonNotifications
Seen branch in repository origin/AddSourceToBioElementsOn1_2API
Seen branch in repository origin/AddStatementSelfRegistration
Seen branch in repository origin/AddXLanguage
Seen branch in repository origin/AddingAuthenticationToPubAPI
Seen branch in repository origin/AdminSearch
Seen branch in repository origin/AllClientCredentialsTokensShouldBeLongLived
Seen branch in repository origin/AllowBasicInstitutionsToUseCustomEmails
Seen branch in repository origin/AllowCopyingClientSecret
Seen branch in repository origin/AllwaysRefreshCacheBusterOnDev
Seen branch in repository origin/BIO_AND_INTERNAL_ONLY_Cache
Seen branch in repository origin/BXTestToCheckStateParamIsPersistedOnOAuthAuthorize
Seen branch in repository origin/BaseExtIdForActivities
Seen branch in repository origin/BibtexImporterPMIDs
Seen branch in repository origin/BlackboxTestForDuplicatedIds
Seen branch in repository origin/BranchForRelease_1-1-95-16_patch_4
Seen branch in repository origin/BulkEditButtonFixColor
Seen branch in repository origin/CArd2569
Seen branch in repository origin/Card1927
Seen branch in repository origin/Card1982
Seen branch in repository origin/Card1986
Seen branch in repository origin/Card2103
Seen branch in repository origin/Card2174
Seen branch in repository origin/Card2278
Seen branch in repository origin/Card2285
Seen branch in repository origin/Card2288
Seen branch in repository origin/Card2293
Seen branch in repository origin/Card2294
Seen branch in repository origin/Card2298
Seen branch in repository origin/Card2320
Seen branch in repository origin/Card2323
Seen branch in repository origin/Card2346
Seen branch in repository origin/Card2358
Seen branch in repository origin/Card2359
Seen branch in repository origin/Card2371
Seen branch in repository origin/Card2373
Seen branch in repository origin/Card2381
Seen branch in repository origin/Card2401
Seen branch in repository origin/Card2412
Seen branch in repository origin/Card2422
Seen branch in repository origin/Card2445
Seen branch in repository origin/Card2451
Seen branch in repository origin/Card2479
Seen branch in repository origin/Card2480
Seen branch in repository origin/Card2485
Seen branch in repository origin/Card2504
Seen branch in repository origin/Card2575
Seen branch in repository origin/Card2589
Seen branch in repository origin/Card2593
Seen branch in repository origin/Card2600
Seen branch in repository origin/Card2628
Seen branch in repository origin/Card2652
Seen branch in repository origin/Card2664
Seen branch in repository origin/Card2669
Seen branch in repository origin/Card2673
Seen branch in repository origin/Card2685
Seen branch in repository origin/Card2713
Seen branch in repository origin/Card2735
Seen branch in repository origin/ChangeDefaultUriProperty
Seen branch in repository origin/ChangeEqualsMethodOnExtIds
Seen branch in repository origin/ChangeGetterMethodName
Seen branch in repository origin/ChangeMemberNameForPubApps
Seen branch in repository origin/ChangesForCiServer
Seen branch in repository origin/ChangesOnRelationship
Seen branch in repository origin/CheckForDuplicateResearcherUrls
Seen branch in repository origin/CheckGABeforePushingEvents
Seen branch in repository origin/CheckLastModifiedFromReadOnlyDB
Seen branch in repository origin/CheckOrcidBeforeReturningAndActivity
Seen branch in repository origin/CiTest#2
Seen branch in repository origin/CleanEmptyFieldsFromWorks
Seen branch in repository origin/ClientDetailsCache
Seen branch in repository origin/ConditionalWorkValidationInManager
Seen branch in repository origin/CopyFromRC1ToRC2
Seen branch in repository origin/CorsAndJsonPFilters
Seen branch in repository origin/CountUniqueDOISTheRightWay
Seen branch in repository origin/CreateVersionedDelegatorForNotifications
Seen branch in repository origin/DedicatedIpForMailgun
Seen branch in repository origin/DisplayAllTrustedOrganizationsActivityOnTheAccountSettingsPage
Seen branch in repository origin/DisplayContributorsNameBasedOnUserRecordIfExists
Seen branch in repository origin/DisplayPeerReviewsOnPublicPage
Seen branch in repository origin/DisplayPublicEmailAddressOrcidRecord
Seen branch in repository origin/DontAllowDuplicatedCaseInsensitiveGroupIds
Seen branch in repository origin/DontLoadOrcidProfileWhenLogin
Seen branch in repository origin/DontNullifyOnUnitTests
Seen branch in repository origin/DontRemoveVisibilityFieldFromPublicCalls
Seen branch in repository origin/EagerLoadClientDetails
Seen branch in repository origin/EmailV2
Seen branch in repository origin/EnableAuthenticationOnPubAPI
Seen branch in repository origin/EnableClientCredentialsGrantTypeOnPublicClient
Seen branch in repository origin/EnablePublicClientToSearch
Seen branch in repository origin/FBD
Seen branch in repository origin/FilterPeerReview
Seen branch in repository origin/FixAnoyingUnitTestThatIsAMess
Seen branch in repository origin/FixBlackBoxTest_MemberV2Test
Seen branch in repository origin/FixBlackBoxTests
Seen branch in repository origin/FixBlackBoxTests2
Seen branch in repository origin/FixBlackboxForResearcherUrls
Seen branch in repository origin/FixCard1967
Seen branch in repository origin/FixCard2050
Seen branch in repository origin/FixCard2294
Seen branch in repository origin/FixCookieProblems
Seen branch in repository origin/FixDeprecateAccountIssue
Seen branch in repository origin/FixErrorOnAdminPage
Seen branch in repository origin/FixErrorOnFundingValidation
Seen branch in repository origin/FixErrorOnInternalApi
Seen branch in repository origin/FixErrorOnPublicView
Seen branch in repository origin/FixErrorOnSwitchAccount
Seen branch in repository origin/FixErrorSavingWebsites
Seen branch in repository origin/FixErrorWhenPuttingWorks
Seen branch in repository origin/FixErrorWhereProfileWorkWasNotSetToMigrated
Seen branch in repository origin/FixExtIdsCantBeDeleted
Seen branch in repository origin/FixIntegrationTest
Seen branch in repository origin/FixIntegrationTests
Seen branch in repository origin/FixInternalApiBlackBoxTest
Seen branch in repository origin/FixLazyInitErrorLockingAndUnlockingAccount
Seen branch in repository origin/FixMemberV2Test
Seen branch in repository origin/FixNANErrorOnPeerReviewExtIds
Seen branch in repository origin/FixNPEOnResetPassword
Seen branch in repository origin/FixNotificationKeys
Seen branch in repository origin/FixOnCLIToUpgradeExtIds
Seen branch in repository origin/FixPeerReviewExamples
Seen branch in repository origin/FixPeerReviewSectionAlignment
Seen branch in repository origin/FixPermissionsErrorOnRc2
Seen branch in repository origin/FixPublicClientPage
Seen branch in repository origin/FixRemoveLastOtherNameIssue
Seen branch in repository origin/FixScopesBehavior
Seen branch in repository origin/FixSortIcons
Seen branch in repository origin/FixUiCPIssues
Seen branch in repository origin/FixUnitTest
Seen branch in repository origin/FixUnitTestEmailMessageSenderTest
Seen branch in repository origin/FixUnitTestOnPeerReview
Seen branch in repository origin/FixUnitTestsOnRegistrationControllerTest
Seen branch in repository origin/FixVTAddressToFilter
Seen branch in repository origin/FixWhereWeLogOauth2Redirects
Seen branch in repository origin/FixXMLErrors
Seen branch in repository origin/FixingBlackBoxTestsOnMaster
Seen branch in repository origin/FixingUnitTests
Seen branch in repository origin/ForPatchReleaseOn1.1.87.13
Seen branch in repository origin/ForResearchersMenuFix
Seen branch in repository origin/GenerateClaimLinkCLI
Seen branch in repository origin/GenerateStatsUsingReadOnlyDB
Seen branch in repository origin/GoogleCaptchaOnOauthRegisterForm
Seen branch in repository origin/GroupNamePeerReview
Seen branch in repository origin/I18NWidget
Seen branch in repository origin/IdentifierDisplayFix
Seen branch in repository origin/IdentifierIntefaceUpdates
Seen branch in repository origin/ImplementVersionedRC2
Seen branch in repository origin/InboxMessageNotifications
Seen branch in repository origin/InternalSSO
Seen branch in repository origin/InternationalizeOrcidPublicWidget
Seen branch in repository origin/JustATest
Seen branch in repository origin/LabelsForI18NWidget
Seen branch in repository origin/LanguageMapOnlyWithLocalesInAPI
Seen branch in repository origin/LinkAccountScreenUI
Seen branch in repository origin/LinksColorNotificationEmail
Seen branch in repository origin/LiquibaseToNullifyEmptyTranslatedTitles
Seen branch in repository origin/LoadPublicActivitiesOnPublicPage
Seen branch in repository origin/LockClientIfMemberIsLocked
Seen branch in repository origin/LogClientIdOnError
Seen branch in repository origin/LogOriginalURLOnOauthAuthPage
Seen branch in repository origin/LoginTweaking
Seen branch in repository origin/MakeDefaultPrivacyApplyToEntireRecord
Seen branch in repository origin/MigrateAllWorkDataToWorkTable
Seen branch in repository origin/MigrateWorksPhase#2
Seen branch in repository origin/MoreLoggingOnOauthAuthorizePage
Seen branch in repository origin/MozillaBadges
Seen branch in repository origin/MozillaBadgesPublicProfile
Seen branch in repository origin/MultipleTokensForTheSameScope
Seen branch in repository origin/NewEndPointToGetGroupInfo
Seen branch in repository origin/NewGACode
Seen branch in repository origin/NewIndexForOrgDisambiguatedTable
Seen branch in repository origin/NotificationAccountSettingsAlignment
Seen branch in repository origin/NotificationEmailLinksColor
Seen branch in repository origin/NotificationInboxMessageRemoveQuestionMark
Seen branch in repository origin/NotificationsAccountSettingsUIUpdate
Seen branch in repository origin/NotificationsUpdates
Seen branch in repository origin/OAuthLoginRefactoring
Seen branch in repository origin/OnAuthCodeDetailsFetchClientLazy
Seen branch in repository origin/OrcidInternalAPI
Seen branch in repository origin/OrcidRecordEmailsStyleFix
Seen branch in repository origin/OtherCITest
Seen branch in repository origin/PeerReviewFeedback2
Seen branch in repository origin/PeerReviewGroupNameFix
Seen branch in repository origin/PeerReviewSummaryEnhancements
Seen branch in repository origin/PeerReviewUI2ndRound
Seen branch in repository origin/PeerReviewV2Updates
Seen branch in repository origin/PeerReviewsCounter
Seen branch in repository origin/PersonApiV2
Seen branch in repository origin/PersonApiV2UI
Seen branch in repository origin/PersonUISpacing
Seen branch in repository origin/PersonV2API
Seen branch in repository origin/PersonV2Documentation
Seen branch in repository origin/PersonV2Names
Seen branch in repository origin/PersonV2UIResponsive
Seen branch in repository origin/PersonXSDsAndXMLExamples
Seen branch in repository origin/PrefillUrlOnExtIds
Seen branch in repository origin/ProfileKeywordReadOnlyManager
Seen branch in repository origin/PublicProfilePageWithV2RC2Code
Seen branch in repository origin/PutCodesToLongs
Seen branch in repository origin/RC2Documentation
Seen branch in repository origin/ReCaptchaInternationalization
Seen branch in repository origin/ReadMeChangesAndPropertiesChanges
Seen branch in repository origin/RecordNameTable
Seen branch in repository origin/RedirectIfAlreadyLogedIn
Seen branch in repository origin/ReenableRefreshTokenInProd
Seen branch in repository origin/RefactorOauth2ControllerAndViewPhase1
Seen branch in repository origin/RefactorOauthController
Seen branch in repository origin/RefactorPeerReview
Seen branch in repository origin/RefactorPeerReviewUI
Seen branch in repository origin/ReindexDeprecatedProfile
Seen branch in repository origin/RemoveAllReferenceToGetEffectiveProfile
Seen branch in repository origin/RemoveDuplicatedTestDependency
Seen branch in repository origin/RemoveLeftColumnLinks
Seen branch in repository origin/RemoveOldCSSStyleSheets
Seen branch in repository origin/RemoveProfileWorkCode
Seen branch in repository origin/RemoveProfileWorkTable
Seen branch in repository origin/RemoveSWidget
Seen branch in repository origin/RemoveShareThisCode
Seen branch in repository origin/RemoveSomeWarnings
Seen branch in repository origin/RemoveUnusedImports
Seen branch in repository origin/RemovingCharacters
Seen branch in repository origin/RemovingEmptyAuth
Seen branch in repository origin/RemovingEmptyFields
Seen branch in repository origin/RenameCreditNameVisibilityFieldOnDB
Seen branch in repository origin/RenameFilesForNotifications
Seen branch in repository origin/ResearcherUrlV2_rc2
Seen branch in repository origin/ResearcherUrlsV2
Seen branch in repository origin/RestoreWorkValidation
Seen branch in repository origin/RevokeSocialAccessStyling
Seen branch in repository origin/RollbackAuthenticationError
Seen branch in repository origin/RollbackChangeOnOrcidSecuritytManagerImpl_getClientIdFromAPIRequest
Seen branch in repository origin/RollbackChangeOnSchedulerCron
Seen branch in repository origin/SSOCookie
Seen branch in repository origin/SSOTest
Seen branch in repository origin/SecurityQuestionFix
Seen branch in repository origin/SetDefaultVisibilityFor2.0API
Seen branch in repository origin/SetDefaultVisibilityOnBioElements
Seen branch in repository origin/SetDefaultVisibilityWhereVisibilityIsNull
Seen branch in repository origin/SetInitialVisibilityValueOnEmptyBioSections
Seen branch in repository origin/SetNotificationsByDefault
Seen branch in repository origin/SetPrimaryAddressOnWhiteboxTest
Seen branch in repository origin/SetTheOrcidTokenCookieAsSecure
Seen branch in repository origin/SetVisibilityOnBioElements
Seen branch in repository origin/ShibbolethPopUp
Seen branch in repository origin/ShibbolethSigninNewDesign
Seen branch in repository origin/ShibbolethUI
Seen branch in repository origin/ShibbolethUIFix
Seen branch in repository origin/ShowErrorsOnManageMember
Seen branch in repository origin/ShowSourceIdIfNameIsNotPublic
Seen branch in repository origin/SignInSearchFormFix
Seen branch in repository origin/SmallFixOnIntegrationTest
Seen branch in repository origin/SmallNotificationsTextFixesAccountSettings
Seen branch in repository origin/SpinnyArrowsDisplayFix
Seen branch in repository origin/StatisticsKeyCache
Seen branch in repository origin/StrongerCorsFilter
Seen branch in repository origin/TestCIPushBuilder
Seen branch in repository origin/TestCIServer
Seen branch in repository origin/TestCi2
Seen branch in repository origin/ThrowErrorIfMemberTriesToUpdateVisibility
Seen branch in repository origin/ThrowExceptionWhenMemberInfoNotFound
Seen branch in repository origin/TokensShouldWorkAcrossVersions
Seen branch in repository origin/TriggerTheLastModifiedAspectOnDeletingWorks
Seen branch in repository origin/UIImprovements
Seen branch in repository origin/UpdateCard2288
Seen branch in repository origin/UpdateNotificationsText
Seen branch in repository origin/UpdateTextContentDigestEmail
Seen branch in repository origin/UpdateTextContentDigestEmailWithWillChanges
Seen branch in repository origin/UpdatesOnEditMembersPage
Seen branch in repository origin/UrlEncodeGroupIdsBeforeFetchingThem
Seen branch in repository origin/UseLongsToSearchInActivitiesMap
Seen branch in repository origin/UseMinimumAllowedScopeInNewAPI
Seen branch in repository origin/UseSavedRequestAfterResettingPassword
Seen branch in repository origin/UseWorkIdOnExtIdsMigration
Seen branch in repository origin/UserCapitalR
Seen branch in repository origin/VerifyPublicClientHaveRole
Seen branch in repository origin/WhiteboxTestToSetUpUserAndClientData
Seen branch in repository origin/WidgetFeedbackRound1
Seen branch in repository origin/WidgetLocalizationChanges
Seen branch in repository origin/WorkContributorNameDefaultValue
Seen branch in repository origin/WorkContributorVisibilityDefaultValue
Seen branch in repository origin/WorkingOnReadme
Seen branch in repository origin/WorksIdentifiersInputsFix
Seen branch in repository origin/Works_FixNPEOnEditingCitation
Seen branch in repository origin/acceptHttpsWithV2
Seen branch in repository origin/accessDeprecatedAccountWithMemberApi
Seen branch in repository origin/accountSettingsTestImprovements
Seen branch in repository origin/activitiesSampleXmlValidationFix
Seen branch in repository origin/add-unit-testiactivity-default-for-1-2-api
Seen branch in repository origin/addAmendedNotificationToV2Api
Seen branch in repository origin/addClientIdDebug
Seen branch in repository origin/addDateMappingsToV2Api
Seen branch in repository origin/addEmailValidationMessageFix
Seen branch in repository origin/addEmailValidationMessageWithSupportLink
Seen branch in repository origin/addFundingWithBadSourceFix
Seen branch in repository origin/addIngoreGoupable
Seen branch in repository origin/addLangJson
Seen branch in repository origin/addMissingDependency
Seen branch in repository origin/addMissingIndexes
Seen branch in repository origin/addMissingMessagesForNewLogin
Seen branch in repository origin/addMissingRc2CallsToSwagger
Seen branch in repository origin/addReadLimited
Seen branch in repository origin/addRelMeParamToWebsites
Seen branch in repository origin/addRinggoldParentIds
Seen branch in repository origin/addScopesToClientCmd
Seen branch in repository origin/addTestForWhenExtIdTypesAreDifferentButValueIsTheSame
Seen branch in repository origin/addTitleIdentifierValidationToWork
Seen branch in repository origin/addValidationsToActivities
Seen branch in repository origin/adminFooter
Seen branch in repository origin/adminLookupIds
Seen branch in repository origin/adminPublicProfileViewLinkFix
Seen branch in repository origin/adminScreenLanguage
Seen branch in repository origin/adminSwitchToUnclaimedPrototype
Seen branch in repository origin/affiliationsUIFixWhenNoEndDate
Seen branch in repository origin/affiliationsValidateDate
Seen branch in repository origin/allowAdminToUnclaimedProfileFix
Seen branch in repository origin/allowLocalsInRedirectUri
Seen branch in repository origin/allowMultipleEmailCreateProfile
Seen branch in repository origin/alternateSigninUrl
Seen branch in repository origin/alwaysUseGetForUserStatusCheck
Seen branch in repository origin/angularJSPerformanceFix
Seen branch in repository origin/angularPerformanceFix
Seen branch in repository origin/angularUpgrateTo1_5
Seen branch in repository origin/anitSpam1
Seen branch in repository origin/antiSpamTest
Seen branch in repository origin/apiVersionCheck
Seen branch in repository origin/apiVersionCheckWithSpringInjection
Seen branch in repository origin/apiv2rc2
Seen branch in repository origin/apiv2rc2PlusConverterChain
Seen branch in repository origin/apiv2rc2PlusWillChanges
Seen branch in repository origin/apiv2rc2WithConverterInterface
Seen branch in repository origin/apiv2rc2WithMoreWillChanges
Seen branch in repository origin/apiv2rc2WithWillHacks
Seen branch in repository origin/authFormTestingIssue
Seen branch in repository origin/batchClaimResendUpdate
Seen branch in repository origin/bbTestFixesForWill
Seen branch in repository origin/bbTestRevokeApplicationChanges
Seen branch in repository origin/betterMigrationForNewNotificationsSetting
Seen branch in repository origin/blackboxDocs
Seen branch in repository origin/blankCSRF
Seen branch in repository origin/branchForJenkinsTest
Seen branch in repository origin/bringBackSignout
Seen branch in repository origin/bulkArchiveNotifications
Seen branch in repository origin/bulkWorkXSD
Seen branch in repository origin/bumpJavaVersion
Seen branch in repository origin/bumpUpQuickSearchApiVersion
Seen branch in repository origin/buttonOrderInBulkDeleteWork
Seen branch in repository origin/callbackParamFormat
Seen branch in repository origin/can-t-add-a-peer-review-without-subject-external-identifier
Seen branch in repository origin/captchaForRegistration
Seen branch in repository origin/cerif
Seen branch in repository origin/chanceCancelOptionEmailSettings
Seen branch in repository origin/changeCaseIfWeHave
Seen branch in repository origin/changeKeysToDirect
Seen branch in repository origin/changeTextPublicRecords
Seen branch in repository origin/changeVisOnAdd
Seen branch in repository origin/checkProfileStatusApi2_0
Seen branch in repository origin/citeproc
Seen branch in repository origin/citeprocnosummary
Seen branch in repository origin/cleanAddressTable
Seen branch in repository origin/cleanUpServiceAnnKeys
Seen branch in repository origin/clientNameInErrorMessg
Seen branch in repository origin/codefest2015
Seen branch in repository origin/commaSeparatedOtherNamesPublicProfileFix
Seen branch in repository origin/commandLineIntergration
Seen branch in repository origin/commentoutAddressClean
Seen branch in repository origin/configurableHibernateStats
Seen branch in repository origin/consolidateJsonAndXmlMethodsInNotificationsApi
Seen branch in repository origin/convertToBlackbox
Seen branch in repository origin/cookieImprovements
Seen branch in repository origin/correctCp3oVersion
Seen branch in repository origin/correctLinkInDigestEmail
Seen branch in repository origin/correctNameXmlfieldSalesforceId
Seen branch in repository origin/createWorkWithoutIdentifierTitleFix
Seen branch in repository origin/csrfProtection
Seen branch in repository origin/csrfSocialLoginFix
Seen branch in repository origin/csrfTheForms
Seen branch in repository origin/customValidationForNotifications
Seen branch in repository origin/deactivateBatchProfiles
Seen branch in repository origin/deperecatedErrorMessgFix
Seen branch in repository origin/deprecatedAccountNotificationFix
Seen branch in repository origin/deprecatedValidation
Seen branch in repository origin/detectedBadUserStatusCheck
Seen branch in repository origin/differentExternalIdTypes
Seen branch in repository origin/digestEmailChange
Seen branch in repository origin/digestEmailPlainTextUpdates
Seen branch in repository origin/digestEmailProperties
Seen branch in repository origin/digestEmailUpdate
Seen branch in repository origin/disableCsrf
Seen branch in repository origin/discoveryServiceI18n
Seen branch in repository origin/displayEmailsOrcidRecord
Seen branch in repository origin/doNotAddNotificationsScopeToNewClients2
Seen branch in repository origin/doubleRecordedIpFix
Seen branch in repository origin/downgradeAndValidate
Seen branch in repository origin/dropLegacyWorkExternalIdentifiersTable
Seen branch in repository origin/duplicateActivitiesValidation
Seen branch in repository origin/duplicateAddressFix
Seen branch in repository origin/dynamicDeveloperMessgAPIException
Seen branch in repository origin/editClientAddRedirectUriFix
Seen branch in repository origin/editClientFix
Seen branch in repository origin/editClientUiFix
Seen branch in repository origin/emailFrequencyFix
Seen branch in repository origin/emailFrequencyMissingFromDigest
Seen branch in repository origin/emailSettingsModalFix
Seen branch in repository origin/emailStatusEmptyValueFix
Seen branch in repository origin/emailTextInProperties
Seen branch in repository origin/emailTranslations
Seen branch in repository origin/emailValidationRegisterForm
Seen branch in repository origin/emailsUIChanges
Seen branch in repository origin/emailsUIWorkspace
Seen branch in repository origin/emptyKeysInMessageSourceFix
Seen branch in repository origin/enableItalian
Seen branch in repository origin/encryptedActionLink
Seen branch in repository origin/error-when-reading-works-where-the-ext-id-type-is-null
Seen branch in repository origin/errorMessageI18n
Seen branch in repository origin/errorMessageMisalignment
Seen branch in repository origin/errorMessgeOnDeprecatedAccountAccess
Seen branch in repository origin/errorPage404WhenOrcidNotExistFix
Seen branch in repository origin/errorXsdCorrection
Seen branch in repository origin/exportBibtexUI
Seen branch in repository origin/exportBibtexUI]
Seen branch in repository origin/extraLoggingBeforeSignin
Seen branch in repository origin/extraSpacePeerReviewFix
Seen branch in repository origin/facebookConfigurationFix
Seen branch in repository origin/federatedLogInStuff
Seen branch in repository origin/filtersLinkWorks
Seen branch in repository origin/firefoxSuggestion
Seen branch in repository origin/fix-item-level-privacy-in-apis
Seen branch in repository origin/fixAddedAsDelegateNotification
Seen branch in repository origin/fixBioCacheName
Seen branch in repository origin/fixBioPutSource
Seen branch in repository origin/fixBlankAccepts
Seen branch in repository origin/fixBulkEditMissingTitle
Seen branch in repository origin/fixButtonColors
Seen branch in repository origin/fixCLientIdScheme
Seen branch in repository origin/fixChromeAlertSearchForm
Seen branch in repository origin/fixCsrfProblemOnErrorPages
Seen branch in repository origin/fixCsrfSetting
Seen branch in repository origin/fixDateCompare
Seen branch in repository origin/fixErrorMessageInvalidWorkTitle
Seen branch in repository origin/fixFontCDNIssue
Seen branch in repository origin/fixFooterAccountSettings
Seen branch in repository origin/fixGroupIdDescColLength
Seen branch in repository origin/fixGroupingKey
Seen branch in repository origin/fixHttpsHeaderCheck
Seen branch in repository origin/fixImportWizard
Seen branch in repository origin/fixJava1_8BouncyEncryption
Seen branch in repository origin/fixLinksWizardUrl
Seen branch in repository origin/fixNotificationsArchiveAndShowMore
Seen branch in repository origin/fixNotificationsUri
Seen branch in repository origin/fixOtherNamesUI
Seen branch in repository origin/fixOverflowOrcidIDBanner
Seen branch in repository origin/fixProfileCacheDateComparision
Seen branch in repository origin/fixPublicBioVisibilityProblem
Seen branch in repository origin/fixReadOnlyPublicProfiles
Seen branch in repository origin/fixRecaptchaEncryption
Seen branch in repository origin/fixRetrieveDisplayNameIgnoringVisibility
Seen branch in repository origin/fixSearchUnitTest
Seen branch in repository origin/fixSecurityMapping
Seen branch in repository origin/fixSelectAllDeveloperTools
Seen branch in repository origin/fixServiceKoEmail
Seen branch in repository origin/fixShibCsrf
Seen branch in repository origin/fixShibCsrfWithLatest
Seen branch in repository origin/fixShibHeader
Seen branch in repository origin/fixShowSourcesPublicFundings
Seen branch in repository origin/fixSocialAccountLinking
Seen branch in repository origin/fixSocialWhenAccountDeactivated
Seen branch in repository origin/fixSpacingIssuesInFundings
Seen branch in repository origin/fixSpinner
Seen branch in repository origin/fixStatsNpe
Seen branch in repository origin/fixTestThatSometimesFailsInJenkins
Seen branch in repository origin/fixTextRegistrationHelp
Seen branch in repository origin/fixToggleMenuZoom
Seen branch in repository origin/fixTypoUnsuscribePage
Seen branch in repository origin/fixUpdateReadRights
Seen branch in repository origin/fixUrlEncodingOfNotificationPathReturnedByApi
Seen branch in repository origin/fixValidationErrorsHttpCode
Seen branch in repository origin/fixVisibilityCheck
Seen branch in repository origin/fix_for_tag_release-1.1.87.13_patch_1
Seen branch in repository origin/fixedMistakeIn2_0_rc1docs
Seen branch in repository origin/fixoth
Seen branch in repository origin/forceUnixLineEndingsForHtml
Seen branch in repository origin/formattingButtons
Seen branch in repository origin/frequenciesSecurityFixes
Seen branch in repository origin/from_helix84_updateCzechTranslation
Seen branch in repository origin/fullDateInWorkspace
Seen branch in repository origin/fundingAddSomeNowFix
Seen branch in repository origin/fundingAlternateURLRenderingFix
Seen branch in repository origin/gaForFederated
Seen branch in repository origin/gaForSocial
Seen branch in repository origin/getBBTestWorkingOnWillsMac
Seen branch in repository origin/globallyExcludeNotNullFromJsonInANonBackwardsCompatibleWay
Seen branch in repository origin/googleIndexReviewedProfile
Seen branch in repository origin/grantTypeNullWithOrcidWebFix
Seen branch in repository origin/groupActivitiesOrcidWidget
Seen branch in repository origin/groupApi
Seen branch in repository origin/groupIdRecordApi
Seen branch in repository origin/groupIdRecordApiLocationHeaderFix
Seen branch in repository origin/groupIdRecordApiScopeFix
Seen branch in repository origin/groupswagger
Seen branch in repository origin/hackathonWidgetFeedbackRound2
Seen branch in repository origin/hackaton_2015_cr_team
Seen branch in repository origin/hibernateSessionLogging
Seen branch in repository origin/hidePeerReviewPanelWhenEmpty
Seen branch in repository origin/hideWizardWithNoLinks
Seen branch in repository origin/id-unit-test-visibility-1-2-again
Seen branch in repository origin/identifiersURLProtocolFix
Seen branch in repository origin/improveNotificationErrorResponseMessages
Seen branch in repository origin/improveNotificationsArchive
Seen branch in repository origin/improveNotificationsArchive}
Seen branch in repository origin/improveSearchPerfomance
Seen branch in repository origin/improveURLDisplay
Seen branch in repository origin/inboxFontsLoading
Seen branch in repository origin/incorrectHttpCodes
Seen branch in repository origin/increaseResetWindow
Seen branch in repository origin/initUserVisForMemberV2Test
Seen branch in repository origin/integrationTestErrorFix
Seen branch in repository origin/invalidPutCodeErrorCodeFix
Seen branch in repository origin/invalidScopeErrorMessage
Seen branch in repository origin/ipAddColumnLengthFix
Seen branch in repository origin/italian
Seen branch in repository origin/jQueryUpgrade
Seen branch in repository origin/jaspytUpgrade
Seen branch in repository origin/jerseyFilterExperiment
Seen branch in repository origin/jerseyFilterTest
Seen branch in repository origin/jquery
Seen branch in repository origin/jstorExternalIdFix
Seen branch in repository origin/justNormalizenames
Seen branch in repository origin/koreanTranslationsFix
Seen branch in repository origin/languagesBundlesForDiscoveryService
Seen branch in repository origin/lastDateInManagers
Seen branch in repository origin/lastModifiedDates
Seen branch in repository origin/localeMissingFromXsd
Seen branch in repository origin/logIpAddress
Seen branch in repository origin/loginUIRefactoring
Seen branch in repository origin/loginUseridPatternEnhancement
Seen branch in repository origin/loginUsernamePatterns
Seen branch in repository origin/makeApi1_1Pluggable
Seen branch in repository origin/makeUserStatusHttps
Seen branch in repository origin/manageEmailPreference
Seen branch in repository origin/manageSigninSectionImprovements
Seen branch in repository origin/manualTestScript
Seen branch in repository origin/master
Seen branch in repository origin/menuLayoutPublicView
Seen branch in repository origin/missingOrgFromActivitiesFix
Seen branch in repository origin/missingTrashIconsFunding
Seen branch in repository origin/mobileLoginErrorMessageAlignment
Seen branch in repository origin/moreCp30LoggingChanges
Seen branch in repository origin/moreFlexibleHeaderInspectionForShib
Seen branch in repository origin/moreReadableShibAccountId
Seen branch in repository origin/moveGroupIdReadmeToXsd
Seen branch in repository origin/moveResearchUrlToRc2
Seen branch in repository origin/nameTable
Seen branch in repository origin/nameTable2
Seen branch in repository origin/nativeQueryLastModified
Seen branch in repository origin/newExtIdFieldsInSolr
Seen branch in repository origin/newSocialCreds
Seen branch in repository origin/noIndexForSpam
Seen branch in repository origin/noIndexNewProfiles
Seen branch in repository origin/noVerifyPopupSandbox
Seen branch in repository origin/nonblockMozilla
Seen branch in repository origin/notificationApiUrlChanges
Seen branch in repository origin/notificationEncoding
Seen branch in repository origin/notificationItemSequenceFix
Seen branch in repository origin/notificationProgressWhirly
Seen branch in repository origin/notificationUiUpdatePrototype
Seen branch in repository origin/notifications-allows-you-to-use-invalid-external-identifier-types
Seen branch in repository origin/notifications-testing
Seen branch in repository origin/notificationsEmail
Seen branch in repository origin/notificationsIndexes
Seen branch in repository origin/notificationsMisalignment
Seen branch in repository origin/notificationsNPEFix
Seen branch in repository origin/notificationsSelectAllFix
Seen branch in repository origin/notificationsUI
Seen branch in repository origin/notificationsUIWithAmendedSection
Seen branch in repository origin/notificationsUIWithAmendedWorksInDigest
Seen branch in repository origin/organizationFieldMissingFromXml
Seen branch in repository origin/passwordConfirmationForDelegatesOnly
Seen branch in repository origin/patchOauthDefault
Seen branch in repository origin/patchOauthDefault2
Seen branch in repository origin/peer-review-rc2-you-can-add-multiple-reviews-with-the-same-identifier
Seen branch in repository origin/peer-review-rc2-you-can-add-multiple-reviews-with-the-same-identifier2
Seen branch in repository origin/peerReviewExternalIdentifiersFix
Seen branch in repository origin/peerReviewFieldsOrder
Seen branch in repository origin/peerReviewFix
Seen branch in repository origin/peerReviewFrontEnd
Seen branch in repository origin/peerReviewGroupLoadedOnce
Seen branch in repository origin/peerReviewImportWizard
Seen branch in repository origin/peerReviewPrivacyConflicts
Seen branch in repository origin/peerReviewPublicProfileFixes
Seen branch in repository origin/peerReviewPublicViewFix
Seen branch in repository origin/peerReviewSectionUnhideFix
Seen branch in repository origin/peerReviewShowDetailsFix
Seen branch in repository origin/peerReviewUIFix
Seen branch in repository origin/person-external-ids-don-t-appear-on-the-public-record
Seen branch in repository origin/personAPIV2WebFix
Seen branch in repository origin/personOtherNames
Seen branch in repository origin/prepareI18NForSocialAndFed
Seen branch in repository origin/printableRecord
Seen branch in repository origin/privacyRollOversConsistency
Seen branch in repository origin/profileCacheTimeToLive
Seen branch in repository origin/profileTokenCount
Seen branch in repository origin/protocolValidation
Seen branch in repository origin/publicProfileBlackBox
Seen branch in repository origin/publicSearchMessageVersionFix
Seen branch in repository origin/putAuthOnSameDomain
Seen branch in repository origin/putCodeValidation
Seen branch in repository origin/quickNotificationsUrlFix
Seen branch in repository origin/rc2-identifiers-types-listed-in-an-unexpected-case-don-t-save-correctly
Seen branch in repository origin/rc2Mappers
Seen branch in repository origin/rc2documentation
Seen branch in repository origin/rc3-external-ids
Seen branch in repository origin/rdfFormatResponseFix
Seen branch in repository origin/readOnlyPublicProfiles
Seen branch in repository origin/recaptcha
Seen branch in repository origin/recaptchaFixes
Seen branch in repository origin/redirectUriFix
Seen branch in repository origin/reduceCp30Logging
Seen branch in repository origin/refactorScopeConstants
Seen branch in repository origin/refactoringOAuthLogin
Seen branch in repository origin/registerLinkSocialFix
Seen branch in repository origin/registerLinkSocialFixWithWillsShibbolethFix
Seen branch in repository origin/registrationExistingEmailFix
Seen branch in repository origin/release-1.1.100.0
Seen branch in repository origin/release-1.1.100.2
Seen branch in repository origin/release-1.1.103.0
Seen branch in repository origin/release-1.1.103.1_patch_1
Seen branch in repository origin/release-1.1.104.15
Seen branch in repository origin/release-1.1.104.19_patch
Seen branch in repository origin/release-1.1.104.19_patch_1
Seen branch in repository origin/release-1.1.104.19_patch_2
Seen branch in repository origin/release-1.1.104.19_patch_4_plus_visibility_fix
Seen branch in repository origin/release-1.1.104.19_patch_6_branch
Seen branch in repository origin/release-1.1.104.19_patch_6_text_patch
Seen branch in repository origin/release-1.1.104.19_patch_7_peer_review_patch
Seen branch in repository origin/release-1.1.104.19_patch_7_peer_review_update
Seen branch in repository origin/release-1.1.105.17
Seen branch in repository origin/release-1.1.105.5
Seen branch in repository origin/release-1.1.91.16
Seen branch in repository origin/release-1.1.93.4
Seen branch in repository origin/release-1.1.96.7
Seen branch in repository origin/release-1.1.99.11_patch_1
Seen branch in repository origin/release-1.1.99.11_patch_2
Seen branch in repository origin/release-1.1.99.11_patch_3
Seen branch in repository origin/release-1.1.99.11_patch_6
Seen branch in repository origin/release-1.1.99.5
Seen branch in repository origin/release-1.1.99.6
Seen branch in repository origin/release-1.1.99.7
Seen branch in repository origin/reloadWhenCookiesDisabledFix
Seen branch in repository origin/removeApplicationReference
Seen branch in repository origin/removeBracketsNotificationEmailSubject
Seen branch in repository origin/removeFundingsWord
Seen branch in repository origin/removeLinksSignIn
Seen branch in repository origin/removeOLDCSSfiles
Seen branch in repository origin/removeScrollbarEmailSettings
Seen branch in repository origin/removeSecurityQuestionWhenResettingPassword
Seen branch in repository origin/removeSeeMoreLinkWhenSomethingIsCopied
Seen branch in repository origin/removeStackTraceNotFoundException
Seen branch in repository origin/resendClaimBatch
Seen branch in repository origin/resetButtonColorFix
Seen branch in repository origin/restrictAddUpdateEmailUsingApi
Seen branch in repository origin/restrictedFiltersWebOnly
Seen branch in repository origin/revertHomeController
Seen branch in repository origin/reviewOrcidField
Seen branch in repository origin/revokeApplicationFix
Seen branch in repository origin/revokeSocialAccounts
Seen branch in repository origin/rmHearAbout
Seen branch in repository origin/rolloversPublicRecord
Seen branch in repository origin/rs
Seen branch in repository origin/sameBodyExcludeLayout
Seen branch in repository origin/sandboxV1.1PubApiFix
Seen branch in repository origin/searchOrcidWithPlusInEmail
Seen branch in repository origin/seeMoreLinkFix
Seen branch in repository origin/service2015EmailFormatting1
Seen branch in repository origin/serviceAnnRandomBreak
Seen branch in repository origin/serviceAnnc2Updates
Seen branch in repository origin/serviceAnnouncement2015
Seen branch in repository origin/serviceAnnouncementImprovements
Seen branch in repository origin/serviceAnnouncementTextUpdates
Seen branch in repository origin/serviceEmailFixFont
Seen branch in repository origin/serviceEmailFixFont2
Seen branch in repository origin/shibbolethDiscoveryService
Seen branch in repository origin/shibbolethLinkPage
Seen branch in repository origin/showRemoteEmailSigninAccounts
Seen branch in repository origin/showSampleORCIDWidget
Seen branch in repository origin/signinFacebookUrl
Seen branch in repository origin/signinImprovements
Seen branch in repository origin/skipRecatcha
Seen branch in repository origin/socialAccountSettingFormat
Seen branch in repository origin/socialAutoLinkFix
Seen branch in repository origin/socialAutoLinkFixWithWillsSpringConfigChange
Seen branch in repository origin/socialCredentialsRedirectUri
Seen branch in repository origin/socialFederateLoginUIFixes
Seen branch in repository origin/socialLinkScreenImprovements
Seen branch in repository origin/socialLoginNoEmailFix
Seen branch in repository origin/socialLoginUIFix
Seen branch in repository origin/socialOauthFix
Seen branch in repository origin/socialOauthFixForProxy
Seen branch in repository origin/socialRegImprovements
Seen branch in repository origin/socialRevokeUIFix
Seen branch in repository origin/solrIndexPublicProfileFix
Seen branch in repository origin/someMoreTranslatedKeys
Seen branch in repository origin/spacesInAuthUrlFix
Seen branch in repository origin/splitDelegateNotificationOption
Seen branch in repository origin/springSocialFb
Seen branch in repository origin/standardizeManagers
Seen branch in repository origin/statisticsCacheManager
Seen branch in repository origin/statisticsHideUncalculated
Seen branch in repository origin/statisticsPageUpdate
Seen branch in repository origin/statsapi
Seen branch in repository origin/stopApplicationLoadWhenBioRequested
Seen branch in repository origin/suggestedHttpsV2Filtering
Seen branch in repository origin/superReadLimited
Seen branch in repository origin/swagger
Seen branch in repository origin/swaggerfix
Seen branch in repository origin/swaggerfonts
Seen branch in repository origin/swaggerhttps
Seen branch in repository origin/swaggernoscheme
Seen branch in repository origin/syncPropFiles
Seen branch in repository origin/testingCI
Seen branch in repository origin/threadedProfileEventManager
Seen branch in repository origin/tokenExchangeBlackbox
Seen branch in repository origin/tokenExchangeFromOrcidWeb
Seen branch in repository origin/tokenExchangeFromOrcidWebFix
Seen branch in repository origin/tokenExchangePubClientsWithOrcidWeb
Seen branch in repository origin/trashIconsFixes
Seen branch in repository origin/trustedIndividualSearchFix
Seen branch in repository origin/trustedOrgsAjaxCode
Seen branch in repository origin/unclaimedProfileIndexing
Seen branch in repository origin/uncommentAddressScript
Seen branch in repository origin/unit-tests-for-externalid-converters
Seen branch in repository origin/unknownExceptionMessage
Seen branch in repository origin/updateAddWorksLogs
Seen branch in repository origin/updateAlreadyTranslatedStuff
Seen branch in repository origin/updateBlackboxReadme
Seen branch in repository origin/updateCodeMemberNames
Seen branch in repository origin/updateContactDetailsThroughApi
Seen branch in repository origin/updateContactDetailsWithApi
Seen branch in repository origin/updateEmailWithOldFormatClient
Seen branch in repository origin/updateErrorMessgOrcidValidationException
Seen branch in repository origin/updateExternalEncryption
Seen branch in repository origin/updateJQuery
Seen branch in repository origin/updateNotifcationMenuLink
Seen branch in repository origin/updateRegistrationText
Seen branch in repository origin/updateSocialLibraries
Seen branch in repository origin/updateWaitClaimDayValue
Seen branch in repository origin/updateWidgetCodeToShowOnlyPublicRecords
Seen branch in repository origin/updatedShibbolethTest
Seen branch in repository origin/upgradeHibernate
Seen branch in repository origin/upgradingAngularJS
Seen branch in repository origin/useCorrectMacroForNotificationsUrl
Seen branch in repository origin/userStatusCsrf
Seen branch in repository origin/validateNumOfSearchRows
Seen branch in repository origin/validateV2InTests
Seen branch in repository origin/versionCheck
Seen branch in repository origin/versioningCommonFix
Seen branch in repository origin/visibilityExternalIdentifiers
Seen branch in repository origin/widgetLoadJsAsync
Seen branch in repository origin/workExtIdFix
Seen branch in repository origin/workExternalIdFix
Seen branch in repository origin/workPublicationDateFix
Seen branch in repository origin/workSummaryImprovement
Seen branch in repository origin/workWizardAscendingOrder
Seen branch in repository origin/worksCacheTweaks
Seen branch in repository origin/worksCaching
Seen branch in repository origin/worksUpdateValidation
Seen branch in repository origin/workspaceSectionAlignment
Seen 784 remote branches
 > git log --full-history --no-abbrev --format=raw -M -m 118e78ce4be857401e820854d9938ec61007347e..00790aefa35943b7e4281a2e9527e1dd85fccee2 # timeout=10
Done. Took 4.4 sec
Changes found
